c:\users\delnaz06\documents\csci 580 - 3d\homework 5\gundevia_delnaz_hw5\debug\cs580hw5.pch
c:\users\delnaz06\documents\csci 580 - 3d\homework 5\gundevia_delnaz_hw5\debug\vc120.pdb
c:\users\delnaz06\documents\csci 580 - 3d\homework 5\gundevia_delnaz_hw5\debug\vc120.idb
c:\users\delnaz06\documents\csci 580 - 3d\homework 5\gundevia_delnaz_hw5\debug\stdafx.obj
c:\users\delnaz06\documents\csci 580 - 3d\homework 5\gundevia_delnaz_hw5\debug\cs580hwdoc.obj
c:\users\delnaz06\documents\csci 580 - 3d\homework 5\gundevia_delnaz_hw5\debug\mainfrm.obj
c:\users\delnaz06\documents\csci 580 - 3d\homework 5\gundevia_delnaz_hw5\debug\rotatedlg.obj
c:\users\delnaz06\documents\csci 580 - 3d\homework 5\gundevia_delnaz_hw5\debug\scaledlg.obj
c:\users\delnaz06\documents\csci 580 - 3d\homework 5\gundevia_delnaz_hw5\debug\translatedlg.obj
c:\users\delnaz06\documents\csci 580 - 3d\homework 5\gundevia_delnaz_hw5\debug\application5.obj
c:\users\delnaz06\documents\csci 580 - 3d\homework 5\gundevia_delnaz_hw5\debug\rend.obj
c:\users\delnaz06\documents\csci 580 - 3d\homework 5\gundevia_delnaz_hw5\debug\tex_fun.obj
c:\users\delnaz06\documents\csci 580 - 3d\homework 5\gundevia_delnaz_hw5\debug\application.obj
c:\users\delnaz06\documents\csci 580 - 3d\homework 5\gundevia_delnaz_hw5\debug\disp.obj
c:\users\delnaz06\documents\csci 580 - 3d\homework 5\gundevia_delnaz_hw5\debug\cs580hw.obj
c:\users\delnaz06\documents\csci 580 - 3d\homework 5\gundevia_delnaz_hw5\debug\cs580hwview.obj
c:\users\delnaz06\documents\csci 580 - 3d\homework 6\gundevia_delnaz_hw5\debug\cs580hw5.pch
c:\users\delnaz06\documents\csci 580 - 3d\homework 6\gundevia_delnaz_hw5\debug\vc120.pdb
c:\users\delnaz06\documents\csci 580 - 3d\homework 6\gundevia_delnaz_hw5\debug\vc120.idb
c:\users\delnaz06\documents\csci 580 - 3d\homework 6\gundevia_delnaz_hw5\debug\stdafx.obj
c:\users\delnaz06\documents\csci 580 - 3d\homework 6\gundevia_delnaz_hw5\debug\application.obj
c:\users\delnaz06\documents\csci 580 - 3d\homework 6\gundevia_delnaz_hw5\debug\application5.obj
c:\users\delnaz06\documents\csci 580 - 3d\homework 6\gundevia_delnaz_hw5\debug\cs580hw.obj
c:\users\delnaz06\documents\csci 580 - 3d\homework 6\gundevia_delnaz_hw5\debug\cs580hwdoc.obj
c:\users\delnaz06\documents\csci 580 - 3d\homework 6\gundevia_delnaz_hw5\debug\cs580hwview.obj
c:\users\delnaz06\documents\csci 580 - 3d\homework 6\gundevia_delnaz_hw5\debug\disp.obj
c:\users\delnaz06\documents\csci 580 - 3d\homework 6\gundevia_delnaz_hw5\debug\mainfrm.obj
c:\users\delnaz06\documents\csci 580 - 3d\homework 6\gundevia_delnaz_hw5\debug\rend.obj
c:\users\delnaz06\documents\csci 580 - 3d\homework 6\gundevia_delnaz_hw5\debug\rotatedlg.obj
c:\users\delnaz06\documents\csci 580 - 3d\homework 6\gundevia_delnaz_hw5\debug\scaledlg.obj
c:\users\delnaz06\documents\csci 580 - 3d\homework 6\gundevia_delnaz_hw5\debug\tex_fun.obj
c:\users\delnaz06\documents\csci 580 - 3d\homework 6\gundevia_delnaz_hw5\debug\translatedlg.obj
c:\users\delnaz06\documents\csci 580 - 3d\homework 5\gundevia_delnaz_hw5\debug\cs580hw5.ilk
c:\users\delnaz06\documents\csci 580 - 3d\homework 5\gundevia_delnaz_hw5\debug\cs580hw5.exe
c:\users\delnaz06\documents\csci 580 - 3d\homework 5\gundevia_delnaz_hw5\debug\cs580hw5.pdb
c:\users\delnaz06\documents\csci 580 - 3d\homework 6\gundevia_delnaz_hw5\debug\cs580hw5.ilk
c:\users\delnaz06\documents\csci 580 - 3d\homework 6\gundevia_delnaz_hw5\debug\cs580hw5.exe
c:\users\delnaz06\documents\csci 580 - 3d\homework 6\gundevia_delnaz_hw5\debug\cs580hw5.pdb
c:\users\delnaz06\documents\csci 580 - 3d\homework 5\gundevia_delnaz_hw5\debug\cs580hw.res
c:\users\delnaz06\documents\csci 580 - 3d\homework 6\gundevia_delnaz_hw5\debug\cs580hw.res
c:\users\delnaz06\documents\csci 580 - 3d\homework 6\gundevia_delnaz_hw5\.\debug\cs580hw5.exe
c:\users\delnaz06\documents\csci 580 - 3d\homework 6\gundevia_delnaz_hw5\debug\cs580hw5.tlog\cl.command.1.tlog
c:\users\delnaz06\documents\csci 580 - 3d\homework 6\gundevia_delnaz_hw5\debug\cs580hw5.tlog\cl.read.1.tlog
c:\users\delnaz06\documents\csci 580 - 3d\homework 6\gundevia_delnaz_hw5\debug\cs580hw5.tlog\cl.write.1.tlog
c:\users\delnaz06\documents\csci 580 - 3d\homework 6\gundevia_delnaz_hw5\debug\cs580hw5.tlog\link.command.1.tlog
c:\users\delnaz06\documents\csci 580 - 3d\homework 6\gundevia_delnaz_hw5\debug\cs580hw5.tlog\link.read.1.tlog
c:\users\delnaz06\documents\csci 580 - 3d\homework 6\gundevia_delnaz_hw5\debug\cs580hw5.tlog\link.write.1.tlog
c:\users\delnaz06\documents\csci 580 - 3d\homework 6\gundevia_delnaz_hw5\debug\cs580hw5.tlog\rc.command.1.tlog
c:\users\delnaz06\documents\csci 580 - 3d\homework 6\gundevia_delnaz_hw5\debug\cs580hw5.tlog\rc.read.1.tlog
c:\users\delnaz06\documents\csci 580 - 3d\homework 6\gundevia_delnaz_hw5\debug\cs580hw5.tlog\rc.write.1.tlog
